C51 COMPILER V9.50a   BUTTON                                                               01/09/2023 02:15:48 PAGE 1   


C51 COMPILER V9.50a, COMPILATION OF MODULE BUTTON
OBJECT MODULE PLACED IN .\OUTPUT\button.obj
COMPILER INVOKED BY: D:\Keil\C51\C51\BIN\C51.EXE BSP\BUTTON\button.c BROWSE INCDIR(.\USER;.\BSP\LED;.\BSP\DELAY;.\BSP\UA
                    -RT;.\BSP\BUTTON;.\BSP\LCD) DEBUG OBJECTEXTEND PRINT(.\LISITING\button.lst) TABS(2) OBJECT(.\OUTPUT\button.obj)

line level    source

   1          #include<reg51.h>
   2          #include"delay.h"
   3          
   4          //按钮分别用于游戏开始，游戏结束
   5          sbit key_game_begin = P3^2;
   6          sbit key_game_end = P3^3;
   7          
   8          sbit led_1 = P2^2;
   9          sbit led_2 = P2^3;
  10          
  11          /*
  12          按钮函数
  13          输入：按下按钮
  14          输出：返回按键值
  15          */
  16          void key(u8 k)
  17          {
  18   1          if (key_game_begin == 0)
  19   1        { 
  20   2          delay_ms(10);
  21   2          if(key_game_begin == 0)
  22   2          {
  23   3                  k = 1;
  24   3            led_1 = 0;
  25   3            led_2 = 1;
  26   3          }
  27   2          // while(!key_game_begin);
  28   2          }
  29   1          else if (key_game_end == 0)
  30   1        { 
  31   2          delay_ms(10);
  32   2          if(key_game_end == 0)
  33   2          {
  34   3                  k = 0;
  35   3            led_1 = 1;
  36   3            led_2 = 0;
  37   3          }
  38   2          // while(!key_game_end);
  39   2          }
  40   1      }


MODULE INFORMATION:   STATIC OVERLAYABLE
   CODE SIZE        =     44    ----
   CONSTANT SIZE    =   ----    ----
   XDATA SIZE       =   ----    ----
   PDATA SIZE       =   ----    ----
   DATA SIZE        =   ----       1
   IDATA SIZE       =   ----    ----
   BIT SIZE         =   ----    ----
END OF MODULE INFORMATION.


C51 COMPILATION COMPLETE.  0 WARNING(S),  0 ERROR(S)
