C51 COMPILER V9.50a   UART                                                                 01/09/2023 02:15:48 PAGE 1   


C51 COMPILER V9.50a, COMPILATION OF MODULE UART
OBJECT MODULE PLACED IN .\OUTPUT\uart.obj
COMPILER INVOKED BY: D:\Keil\C51\C51\BIN\C51.EXE BSP\UART\uart.c BROWSE INCDIR(.\USER;.\BSP\LED;.\BSP\DELAY;.\BSP\UART;.
                    -\BSP\BUTTON;.\BSP\LCD) DEBUG OBJECTEXTEND PRINT(.\LISITING\uart.lst) TABS(2) OBJECT(.\OUTPUT\uart.obj)

line level    source

   1          #include<reg51.h>
   2          #include"delay.h"
   3          
   4          
   5          /*
   6          串口初始化函数
   7          输入：设置的波特率
   8          输出：串口初始化并打开
   9          */
  10          void uart_init(unsigned int baud)
  11          {
  12   1          //对定时器1进行设置，工作方式2
  13   1          TMOD |= 0x20;
  14   1          //对串口寄存器进行设置
  15   1          SCON = 0x50;
  16   1          PCON = 0x80;
  17   1          TH1 = baud;
  18   1          TL1 = baud;
  19   1          ES = 1;
  20   1          EA = 1;
  21   1          TR1 =1;
  22   1      }
  23          
  24          /*
  25          串口中断函数
  26          输入：串口输入（有中断）
  27          输出：串口输入信息（读取SBUF）
  28          */
  29          void uart_interrupt() interrupt 4
  30          {
  31   1          u8 rec;
  32   1      
  33   1          RI = 0;
  34   1          rec = SBUF;
  35   1          while (!TI);
  36   1          TI = 0;
  37   1      }
  38          
  39          /*
  40          串口发送函数
  41          输入：需要发送的字节
  42          输出：串口输出
  43          */
  44          void uart_send(unsigned char byte)
  45          {
  46   1          SBUF = byte;
  47   1          while (!TI);
  48   1          TI = 0;
  49   1      }


MODULE INFORMATION:   STATIC OVERLAYABLE
   CODE SIZE        =     39    ----
   CONSTANT SIZE    =   ----    ----
C51 COMPILER V9.50a   UART                                                                 01/09/2023 02:15:48 PAGE 2   

   XDATA SIZE       =   ----    ----
   PDATA SIZE       =   ----    ----
   DATA SIZE        =   ----       1
   IDATA SIZE       =   ----    ----
   BIT SIZE         =   ----    ----
END OF MODULE INFORMATION.


C51 COMPILATION COMPLETE.  0 WARNING(S),  0 ERROR(S)
